<?xml version="1.0" encoding="UTF-8"?>
<!-- Generated by org.testng.reporters.JUnitXMLReporter -->
<testsuite ignored="0" hostname="LAPTOP-58KVVUOH" failures="2" tests="3" name="Test" time="0.855" errors="0" timestamp="2021-03-04T15:51:37 IST">
  <testcase classname="com.zigwheels.ZigWheelsProject.TestClass1" name="verifyLoginButton" time="0.575"/>
  <testcase classname="com.zigwheels.ZigWheelsProject.TestClass1" name="verifyTitle" time="0.071">
    <failure type="java.lang.AssertionError" message="expected [ZigWheels] but found [ZigWheels - New Cars, Used Cars, Bikes Prices, News, Reviews, Forum]">
      <![CDATA[java.lang.AssertionError: expected [ZigWheels] but found [ZigWheels - New Cars, Used Cars, Bikes Prices, News, Reviews, Forum]
at com.zigwheels.ZigWheelsProject.TestClass1.verifyTitle(TestClass1.java:31)
at java.base/java.util.ArrayList.forEach(ArrayList.java:1511)
... Removed 32 stack frames]]>
    </failure>
  </testcase> <!-- verifyTitle -->
  <testcase classname="com.zigwheels.ZigWheelsProject.TestClass1" name="verifyTitle" time="0.076">
    <failure type="java.lang.NullPointerException" message="Cannot invoke &amp;quot;org.openqa.selenium.TakesScreenshot.getScreenshotAs(org.openqa.selenium.OutputType)&amp;quot; because &amp;quot;this.driver&amp;quot; is null">
      <![CDATA[java.lang.NullPointerException: Cannot invoke "org.openqa.selenium.TakesScreenshot.getScreenshotAs(org.openqa.selenium.OutputType)" because "this.driver" is null
at com.zigwheels.ZigWheelsProject.ListenerDemo.onTestFailure(ListenerDemo.java:20)
at java.base/java.util.ArrayList.forEach(ArrayList.java:1511)
... Removed 24 stack frames]]>
    </failure>
  </testcase> <!-- verifyTitle -->
</testsuite> <!-- Test -->
